<?xml version="1.0" encoding="UTF-8"?>
<beans
        xmlns="http://www.springframework.org/schema/beans"
        xmlns:xsi="http://www.w3.org/2001/XMLSchema-instance"
        xmlns:context="http://www.springframework.org/schema/context"
        xmlns:tx="http://www.springframework.org/schema/tx"
        xsi:schemaLocation="http://www.springframework.org/schema/beans http://www.springframework.org/schema/beans/spring-beans.xsd
		http://www.springframework.org/schema/context http://www.springframework.org/schema/context/spring-context-4.0.xsd
		http://www.springframework.org/schema/tx http://www.springframework.org/schema/tx/spring-tx-4.0.xsd">

    <!-- Root Context: defines shared resources visible to all other web components -->
    <context:spring-configured/>

    <context:component-scan base-package="at.ac.tuwien.inso.ticketline.server.service" />

    <import resource="classpath:spring/db-context-dao.xml"/>

	<bean id="ticketlineDS" class="com.mchange.v2.c3p0.ComboPooledDataSource" destroy-method="close">
		<property name="driverClass" value="org.h2.Driver" />
		<property name="jdbcUrl" value="jdbc:h2:mem:tl_test" />
		<property name="user" value="sa" />
		<property name="password" value="" /> 

		<!-- c3p0 properties -->
		<property name="acquireIncrement" value="1" />
		<property name="minPoolSize" value="1" />
		<property name="maxPoolSize" value="10" />
		<property name="maxIdleTime" value="300" />
		<property name="maxStatements" value="50" />
		<property name="loginTimeout" value="30" />
		<property name="acquireRetryAttempts" value="2" />
		<property name="acquireRetryDelay" value="250" />
	</bean>

    <bean id="entityManagerFactory" class="org.springframework.orm.jpa.LocalContainerEntityManagerFactoryBean">
        <property name="persistenceUnitName" value="ticketlineDB"/>
        <property name="dataSource" ref="ticketlineDS"/>
        <property name="jpaVendorAdapter">
            <bean class="org.springframework.orm.jpa.vendor.HibernateJpaVendorAdapter"/>
        </property>
        <property name="jpaProperties">
            <props>
                <prop key="hibernate.dialect">org.hibernate.dialect.H2Dialect</prop>
                <prop key="hibernate.hbm2ddl.auto">create</prop>
                <prop key="hibernate.hbm2ddl.import_files">sql/test_dataScript.sql</prop>
                <prop key="hibernate.connection.charSet">UTF-8</prop>
            </props>
        </property>
    </bean>

    <bean id="transactionManager" class="org.springframework.orm.jpa.JpaTransactionManager">
        <property name="entityManagerFactory" ref="entityManagerFactory"/>
    </bean>

    <tx:annotation-driven mode="proxy" transaction-manager="transactionManager"/>

</beans>
